<?xml version="1.0" encoding="UTF-8"?>
<testsuite xmlns:xsi="http://www.w3.org/2001/XMLSchema-instance" xsi:noNamespaceSchemaLocation="https://maven.apache.org/surefire/maven-surefire-plugin/xsd/surefire-test-report.xsd" name="com.glauber.junit5.service.CalculatorTest" time="0.117" tests="6" errors="0" skipped="0" failures="0">
  <properties>
[...]
</properties>
  <testcase name="addsTwoNumbers" classname="com.glauber.junit5.service.CalculatorTest" time="0.011"/>
  <testcase name="deveLancarExcecaoAoDividirPorZero" classname="com.glauber.junit5.service.CalculatorTest" time="0"/>
  <testcase name="add{int, int, int}[1]" classname="com.glauber.junit5.service.CalculatorTest" time="0.021"/>
  <testcase name="add{int, int, int}[2]" classname="com.glauber.junit5.service.CalculatorTest" time="0.001"/>
  <testcase name="add{int, int, int}[3]" classname="com.glauber.junit5.service.CalculatorTest" time="0.001"/>
  <testcase name="add{int, int, int}[4]" classname="com.glauber.junit5.service.CalculatorTest" time="0"/>
</testsuite>